<?xml version="1.0" encoding="UTF-8"?>
<!-- Generated by org.testng.reporters.JUnitReportReporter -->
<testsuite skipped="0" hostname="vinhPCs-MacBook-Pro.local" name="com.wordpress.adminSite.admin_login_testcases" tests="3" failures="0" timestamp="2020-11-03T16:04:08 ICT" time="2.117" errors="0">
  <testcase name="TC03_Login_Invalid_Password" time="1.412" classname="com.wordpress.adminSite.admin_login_testcases"/>
  <system-out/>
  <testcase name="TC01_Login_Empty_UserName" time="0.182" classname="com.wordpress.adminSite.admin_login_testcases"/>
  <system-out/>
  <testcase name="TC02_Login_NotExisted_UserName" time="0.523" classname="com.wordpress.adminSite.admin_login_testcases"/>
  <system-out/>
</testsuite> <!-- com.wordpress.adminSite.admin_login_testcases -->
